<?xml version="1.0" encoding="UTF-8"?>
<!-- Generated by org.testng.reporters.JUnitReportReporter -->
<testsuite hostname="DESKTOP-MVC0EJU" failures="0" tests="2" name="Demo.TestNGDataProvider_Test" time="31.271" errors="0" timestamp="2024-09-29T06:16:59 PDT" skipped="0">
  <testcase classname="Demo.TestNGDataProvider_Test" name="TestChrome" time="16.149"/>
  <system-out/>
  <testcase classname="Demo.TestNGDataProvider_Test" name="TestChrome" time="15.122"/>
  <system-out/>
</testsuite> <!-- Demo.TestNGDataProvider_Test -->
